<?xml version="1.0" encoding="UTF-8"?>
<!-- Generated by org.testng.reporters.JUnitReportReporter -->
<testsuite skipped="0" hostname="DESKTOP-GSOMP3D" name="test.TechfiosTest" tests="1" failures="0" timestamp="13 Sep 2019 20:27:03 GMT" time="8.913" errors="0">
  <testcase name="validUserShouldBeAbleToAddACategory" time="8.913" classname="test.TechfiosTest"/>
</testsuite> <!-- test.TechfiosTest -->
